
 LIST ALL SELECTED ELEMENTS.  (LIST NODES)
 
    ELEM MAT TYP REL ESY SEC        NODES
 
       1   1   1   1   0   1      1     3    41    40
       2   1   1   1   0   1      3     4    50    41
       3   1   1   1   0   1      4     5    59    50
       4   1   1   1   0   1      5     6    68    59
       5   1   1   1   0   1      6     7    77    68
       6   1   1   1   0   1      7     8    86    77
       7   1   1   1   0   1      8     9    95    86
       8   1   1   1   0   1      9    10   104    95
       9   1   1   1   0   1     10    11   113   104
      10   1   1   1   0   1     11     2    13   113
      11   1   1   1   0   1     40    41    42    39
      12   1   1   1   0   1     41    50    51    42
      13   1   1   1   0   1     50    59    60    51
      14   1   1   1   0   1     59    68    69    60
      15   1   1   1   0   1     68    77    78    69
      16   1   1   1   0   1     77    86    87    78
      17   1   1   1   0   1     86    95    96    87
      18   1   1   1   0   1     95   104   105    96
      19   1   1   1   0   1    104   113   114   105
      20   1   1   1   0   1    113    13    14   114
 
    ELEM MAT TYP REL ESY SEC        NODES
 
      21   1   1   1   0   1     39    42    43    38
      22   1   1   1   0   1     42    51    52    43
      23   1   1   1   0   1     51    60    61    52
      24   1   1   1   0   1     60    69    70    61
      25   1   1   1   0   1     69    78    79    70
      26   1   1   1   0   1     78    87    88    79
      27   1   1   1   0   1     87    96    97    88
      28   1   1   1   0   1     96   105   106    97
      29   1   1   1   0   1    105   114   115   106
      30   1   1   1   0   1    114    14    15   115
      31   1   1   1   0   1     38    43    44    37
      32   1   1   1   0   1     43    52    53    44
      33   1   1   1   0   1     52    61    62    53
      34   1   1   1   0   1     61    70    71    62
      35   1   1   1   0   1     70    79    80    71
      36   1   1   1   0   1     79    88    89    80
      37   1   1   1   0   1     88    97    98    89
      38   1   1   1   0   1     97   106   107    98
      39   1   1   1   0   1    106   115   116   107
      40   1   1   1   0   1    115    15    16   116
 
    ELEM MAT TYP REL ESY SEC        NODES
 
      41   1   1   1   0   1     37    44    45    36
      42   1   1   1   0   1     44    53    54    45
      43   1   1   1   0   1     53    62    63    54
      44   1   1   1   0   1     62    71    72    63
      45   1   1   1   0   1     71    80    81    72
      46   1   1   1   0   1     80    89    90    81
      47   1   1   1   0   1     89    98    99    90
      48   1   1   1   0   1     98   107   108    99
      49   1   1   1   0   1    107   116   117   108
      50   1   1   1   0   1    116    16    17   117
      51   1   1   1   0   1     36    45    46    35
      52   1   1   1   0   1     45    54    55    46
      53   1   1   1   0   1     54    63    64    55
      54   1   1   1   0   1     63    72    73    64
      55   1   1   1   0   1     72    81    82    73
      56   1   1   1   0   1     81    90    91    82
      57   1   1   1   0   1     90    99   100    91
      58   1   1   1   0   1     99   108   109   100
      59   1   1   1   0   1    108   117   118   109
      60   1   1   1   0   1    117    17    18   118
 
    ELEM MAT TYP REL ESY SEC        NODES
 
      61   1   1   1   0   1     35    46    47    34
      62   1   1   1   0   1     46    55    56    47
      63   1   1   1   0   1     55    64    65    56
      64   1   1   1   0   1     64    73    74    65
      65   1   1   1   0   1     73    82    83    74
      66   1   1   1   0   1     82    91    92    83
      67   1   1   1   0   1     91   100   101    92
      68   1   1   1   0   1    100   109   110   101
      69   1   1   1   0   1    109   118   119   110
      70   1   1   1   0   1    118    18    19   119
      71   1   1   1   0   1     34    47    48    33
      72   1   1   1   0   1     47    56    57    48
      73   1   1   1   0   1     56    65    66    57
      74   1   1   1   0   1     65    74    75    66
      75   1   1   1   0   1     74    83    84    75
      76   1   1   1   0   1     83    92    93    84
      77   1   1   1   0   1     92   101   102    93
      78   1   1   1   0   1    101   110   111   102
      79   1   1   1   0   1    110   119   120   111
      80   1   1   1   0   1    119    19    20   120
 
    ELEM MAT TYP REL ESY SEC        NODES
 
      81   1   1   1   0   1     33    48    49    32
      82   1   1   1   0   1     48    57    58    49
      83   1   1   1   0   1     57    66    67    58
      84   1   1   1   0   1     66    75    76    67
      85   1   1   1   0   1     75    84    85    76
      86   1   1   1   0   1     84    93    94    85
      87   1   1   1   0   1     93   102   103    94
      88   1   1   1   0   1    102   111   112   103
      89   1   1   1   0   1    111   120   121   112
      90   1   1   1   0   1    120    20    21   121
      91   1   1   1   0   1     32    49    31    22
      92   1   1   1   0   1     49    58    30    31
      93   1   1   1   0   1     58    67    29    30
      94   1   1   1   0   1     67    76    28    29
      95   1   1   1   0   1     76    85    27    28
      96   1   1   1   0   1     85    94    26    27
      97   1   1   1   0   1     94   103    25    26
      98   1   1   1   0   1    103   112    24    25
      99   1   1   1   0   1    112   121    23    24
     100   1   1   1   0   1    121    21    12    23

