
 LIST ALL SELECTED NODES.   DSYS=      0
 SORT TABLE ON  NODE  NODE  NODE

    NODE        X             Y             Z           THXY     THYZ     THZX
        1   0.0000        0.0000        0.0000          0.00     0.00     0.00
        2   20.000        0.0000        0.0000          0.00     0.00     0.00
        3   2.0000        0.0000        0.0000          0.00     0.00     0.00
        4   4.0000        0.0000        0.0000          0.00     0.00     0.00
        5   6.0000        0.0000        0.0000          0.00     0.00     0.00
        6   8.0000        0.0000        0.0000          0.00     0.00     0.00
        7   10.000        0.0000        0.0000          0.00     0.00     0.00
        8   12.000        0.0000        0.0000          0.00     0.00     0.00
        9   14.000        0.0000        0.0000          0.00     0.00     0.00
       10   16.000        0.0000        0.0000          0.00     0.00     0.00
       11   18.000        0.0000        0.0000          0.00     0.00     0.00
       12   20.000        20.000        0.0000          0.00     0.00     0.00
       13   20.000        2.0000        0.0000          0.00     0.00     0.00
       14   20.000        4.0000        0.0000          0.00     0.00     0.00
       15   20.000        6.0000        0.0000          0.00     0.00     0.00
       16   20.000        8.0000        0.0000          0.00     0.00     0.00
       17   20.000        10.000        0.0000          0.00     0.00     0.00
       18   20.000        12.000        0.0000          0.00     0.00     0.00
       19   20.000        14.000        0.0000          0.00     0.00     0.00
       20   20.000        16.000        0.0000          0.00     0.00     0.00

    NODE        X             Y             Z           THXY     THYZ     THZX
       21   20.000        18.000        0.0000          0.00     0.00     0.00
       22   0.0000        20.000        0.0000          0.00     0.00     0.00
       23   18.000        20.000        0.0000          0.00     0.00     0.00
       24   16.000        20.000        0.0000          0.00     0.00     0.00
       25   14.000        20.000        0.0000          0.00     0.00     0.00
       26   12.000        20.000        0.0000          0.00     0.00     0.00
       27   10.000        20.000        0.0000          0.00     0.00     0.00
       28   8.0000        20.000        0.0000          0.00     0.00     0.00
       29   6.0000        20.000        0.0000          0.00     0.00     0.00
       30   4.0000        20.000        0.0000          0.00     0.00     0.00
       31   2.0000        20.000        0.0000          0.00     0.00     0.00
       32   0.0000        18.000        0.0000          0.00     0.00     0.00
       33   0.0000        16.000        0.0000          0.00     0.00     0.00
       34   0.0000        14.000        0.0000          0.00     0.00     0.00
       35   0.0000        12.000        0.0000          0.00     0.00     0.00
       36   0.0000        10.000        0.0000          0.00     0.00     0.00
       37   0.0000        8.0000        0.0000          0.00     0.00     0.00
       38   0.0000        6.0000        0.0000          0.00     0.00     0.00
       39   0.0000        4.0000        0.0000          0.00     0.00     0.00
       40   0.0000        2.0000        0.0000          0.00     0.00     0.00

    NODE        X             Y             Z           THXY     THYZ     THZX
       41   2.0000        2.0000        0.0000          0.00     0.00     0.00
       42   2.0000        4.0000        0.0000          0.00     0.00     0.00
       43   2.0000        6.0000        0.0000          0.00     0.00     0.00
       44   2.0000        8.0000        0.0000          0.00     0.00     0.00
       45   2.0000        10.000        0.0000          0.00     0.00     0.00
       46   2.0000        12.000        0.0000          0.00     0.00     0.00
       47   2.0000        14.000        0.0000          0.00     0.00     0.00
       48   2.0000        16.000        0.0000          0.00     0.00     0.00
       49   2.0000        18.000        0.0000          0.00     0.00     0.00
       50   4.0000        2.0000        0.0000          0.00     0.00     0.00
       51   4.0000        4.0000        0.0000          0.00     0.00     0.00
       52   4.0000        6.0000        0.0000          0.00     0.00     0.00
       53   4.0000        8.0000        0.0000          0.00     0.00     0.00
       54   4.0000        10.000        0.0000          0.00     0.00     0.00
       55   4.0000        12.000        0.0000          0.00     0.00     0.00
       56   4.0000        14.000        0.0000          0.00     0.00     0.00
       57   4.0000        16.000        0.0000          0.00     0.00     0.00
       58   4.0000        18.000        0.0000          0.00     0.00     0.00
       59   6.0000        2.0000        0.0000          0.00     0.00     0.00
       60   6.0000        4.0000        0.0000          0.00     0.00     0.00

    NODE        X             Y             Z           THXY     THYZ     THZX
       61   6.0000        6.0000        0.0000          0.00     0.00     0.00
       62   6.0000        8.0000        0.0000          0.00     0.00     0.00
       63   6.0000        10.000        0.0000          0.00     0.00     0.00
       64   6.0000        12.000        0.0000          0.00     0.00     0.00
       65   6.0000        14.000        0.0000          0.00     0.00     0.00
       66   6.0000        16.000        0.0000          0.00     0.00     0.00
       67   6.0000        18.000        0.0000          0.00     0.00     0.00
       68   8.0000        2.0000        0.0000          0.00     0.00     0.00
       69   8.0000        4.0000        0.0000          0.00     0.00     0.00
       70   8.0000        6.0000        0.0000          0.00     0.00     0.00
       71   8.0000        8.0000        0.0000          0.00     0.00     0.00
       72   8.0000        10.000        0.0000          0.00     0.00     0.00
       73   8.0000        12.000        0.0000          0.00     0.00     0.00
       74   8.0000        14.000        0.0000          0.00     0.00     0.00
       75   8.0000        16.000        0.0000          0.00     0.00     0.00
       76   8.0000        18.000        0.0000          0.00     0.00     0.00
       77   10.000        2.0000        0.0000          0.00     0.00     0.00
       78   10.000        4.0000        0.0000          0.00     0.00     0.00
       79   10.000        6.0000        0.0000          0.00     0.00     0.00
       80   10.000        8.0000        0.0000          0.00     0.00     0.00

    NODE        X             Y             Z           THXY     THYZ     THZX
       81   10.000        10.000        0.0000          0.00     0.00     0.00
       82   10.000        12.000        0.0000          0.00     0.00     0.00
       83   10.000        14.000        0.0000          0.00     0.00     0.00
       84   10.000        16.000        0.0000          0.00     0.00     0.00
       85   10.000        18.000        0.0000          0.00     0.00     0.00
       86   12.000        2.0000        0.0000          0.00     0.00     0.00
       87   12.000        4.0000        0.0000          0.00     0.00     0.00
       88   12.000        6.0000        0.0000          0.00     0.00     0.00
       89   12.000        8.0000        0.0000          0.00     0.00     0.00
       90   12.000        10.000        0.0000          0.00     0.00     0.00
       91   12.000        12.000        0.0000          0.00     0.00     0.00
       92   12.000        14.000        0.0000          0.00     0.00     0.00
       93   12.000        16.000        0.0000          0.00     0.00     0.00
       94   12.000        18.000        0.0000          0.00     0.00     0.00
       95   14.000        2.0000        0.0000          0.00     0.00     0.00
       96   14.000        4.0000        0.0000          0.00     0.00     0.00
       97   14.000        6.0000        0.0000          0.00     0.00     0.00
       98   14.000        8.0000        0.0000          0.00     0.00     0.00
       99   14.000        10.000        0.0000          0.00     0.00     0.00
      100   14.000        12.000        0.0000          0.00     0.00     0.00

    NODE        X             Y             Z           THXY     THYZ     THZX
      101   14.000        14.000        0.0000          0.00     0.00     0.00
      102   14.000        16.000        0.0000          0.00     0.00     0.00
      103   14.000        18.000        0.0000          0.00     0.00     0.00
      104   16.000        2.0000        0.0000          0.00     0.00     0.00
      105   16.000        4.0000        0.0000          0.00     0.00     0.00
      106   16.000        6.0000        0.0000          0.00     0.00     0.00
      107   16.000        8.0000        0.0000          0.00     0.00     0.00
      108   16.000        10.000        0.0000          0.00     0.00     0.00
      109   16.000        12.000        0.0000          0.00     0.00     0.00
      110   16.000        14.000        0.0000          0.00     0.00     0.00
      111   16.000        16.000        0.0000          0.00     0.00     0.00
      112   16.000        18.000        0.0000          0.00     0.00     0.00
      113   18.000        2.0000        0.0000          0.00     0.00     0.00
      114   18.000        4.0000        0.0000          0.00     0.00     0.00
      115   18.000        6.0000        0.0000          0.00     0.00     0.00
      116   18.000        8.0000        0.0000          0.00     0.00     0.00
      117   18.000        10.000        0.0000          0.00     0.00     0.00
      118   18.000        12.000        0.0000          0.00     0.00     0.00
      119   18.000        14.000        0.0000          0.00     0.00     0.00
      120   18.000        16.000        0.0000          0.00     0.00     0.00

    NODE        X             Y             Z           THXY     THYZ     THZX
      121   18.000        18.000        0.0000          0.00     0.00     0.00

