
 PRINT U    NODAL SOLUTION PER NODE
 
  ***** POST1 NODAL DEGREE OF FREEDOM LISTING *****                            
 
  LOAD STEP=    11  SUBSTEP=    22                                             
   TIME=    10.951      LOAD CASE=   0                                         
 
  THE FOLLOWING DEGREE OF FREEDOM RESULTS ARE IN THE GLOBAL COORDINATE SYSTEM  
 
    NODE      UX          UY          UZ          USUM  
       1   0.0000      0.0000      0.0000      0.0000    
      72  -21.512     0.18866E-02  8.2156      23.027    
     132  -12.871     0.14030E-02  7.8394      15.070    
     133  -5.3910     0.89052E-03  7.2890      9.0660    
     134  0.47631     0.52377E-03  6.4162      6.4339    
     135   5.0902     0.24105E-03  5.6146      7.5785    
     136   7.8720     0.29809E-04  4.5337      9.0842    
     137   9.5107    -0.11035E-03  3.7165      10.211    
     138   9.0891    -0.17369E-03  2.5133      9.4302    
     139   7.8110    -0.13220E-03  1.7918      8.0139    
     140   4.0682    -0.85782E-04 0.48674      4.0972    
     696   37.744     0.19075E-02  112.49      118.65    
     756  -27.896     0.21237E-02  8.2387      29.087    
     757  -32.780     0.23586E-02  8.3595      33.829    
     758  -36.411     0.25340E-02  8.6759      37.430    
     759  -38.908     0.25737E-02  9.2291      39.988    
     760  -40.396     0.25798E-02  10.068      41.632    
     761  -41.014     0.26085E-02  11.217      42.520    
     762  -40.866     0.26729E-02  12.705      42.796    
     763  -40.044     0.27894E-02  14.550      42.605    
     764  -38.603     0.29411E-02  16.775      42.091    
     765  -36.561     0.31122E-02  19.415      41.397    
     766  -33.877     0.33019E-02  22.528      40.684    
     767  -30.477     0.35130E-02  26.203      40.192    
     768  -26.369     0.37136E-02  30.514      40.329    
     769  -21.673     0.37911E-02  35.460      41.559    
     770  -16.518     0.36946E-02  41.005      44.207    
     771  -11.010     0.34262E-02  47.114      48.383    
     772  -5.2371     0.30224E-02  53.751      54.006    
     773  0.72846     0.25655E-02  60.885      60.889    
     774   6.8278     0.21436E-02  68.484      68.823    
     775   13.010     0.18325E-02  76.519      77.617    
     776   19.230     0.16612E-02  84.963      87.112    
     777   25.448     0.16315E-02  93.789      97.181    
     778   31.630     0.17269E-02  102.97      107.72    
    2136  0.14070E-01 0.26268E-02  601.34      601.34    
    2196   5.9753     0.27542E-02  601.12      601.15    
 
  ***** POST1 NODAL DEGREE OF FREEDOM LISTING *****                            
 
  LOAD STEP=    11  SUBSTEP=    22                                             
   TIME=    10.951      LOAD CASE=   0                                         
 
  THE FOLLOWING DEGREE OF FREEDOM RESULTS ARE IN THE GLOBAL COORDINATE SYSTEM  
 
    NODE      UX          UY          UZ          USUM  
    2197   11.921     0.28791E-02  600.46      600.57    
    2198   17.836     0.30011E-02  599.35      599.61    
    2199   23.704     0.31195E-02  597.80      598.27    
    2200   29.511     0.32334E-02  595.82      596.55    
    2201   35.242     0.33420E-02  593.40      594.45    
    2202   40.883     0.34440E-02  590.56      591.97    
    2203   46.419     0.35383E-02  587.29      589.12    
    2204   51.838     0.36238E-02  583.61      585.91    
    2205   57.126     0.36992E-02  579.52      582.33    
    2206   62.269     0.37627E-02  575.04      578.40    
    2207   67.256     0.38135E-02  570.16      574.11    
    2208   72.077     0.38501E-02  564.90      569.48    
    2209   76.721     0.38711E-02  559.27      564.51    
    2210   81.178     0.38744E-02  553.28      559.21    
    2211   85.437     0.38581E-02  546.94      553.57    
    2212   89.493     0.38210E-02  540.26      547.62    
    2213   93.335     0.37613E-02  533.25      541.36    
    2214   96.956     0.36748E-02  525.93      534.79    
    2215   100.35     0.35595E-02  518.30      527.93    
    2216   103.52     0.34141E-02  510.39      520.78    
    2217   106.44     0.32304E-02  502.19      513.35    
    2218   109.12     0.30052E-02  493.73      505.65    
    2219   111.56     0.27269E-02  485.02      497.68    
    2220   113.75     0.23841E-02  476.07      489.47    
    2221   115.69     0.19538E-02  466.89      481.01    
    2222   117.37     0.13894E-02  457.50      472.32    
    2223   118.80     0.60156E-03  447.91      463.40    
    2224   119.98    -0.65215E-03  438.14      454.27    
    2225   120.90    -0.28783E-02  428.19      444.93    
    2226   121.56    -0.83204E-03  418.09      435.40    
    2227   121.97     0.48745E-04  407.84      425.69    
    2228   122.13     0.38957E-03  397.47      415.81    
    2229   122.04     0.53114E-03  386.97      405.76    
    2230   121.70     0.57427E-03  376.37      395.56    
    2231   121.11     0.55460E-03  365.68      385.21    
    2232   120.28     0.48854E-03  354.90      374.73    
    2233   119.19     0.38545E-03  344.05      364.11    
 
  ***** POST1 NODAL DEGREE OF FREEDOM LISTING *****                            
 
  LOAD STEP=    11  SUBSTEP=    22                                             
   TIME=    10.951      LOAD CASE=   0                                         
 
  THE FOLLOWING DEGREE OF FREEDOM RESULTS ARE IN THE GLOBAL COORDINATE SYSTEM  
 
    NODE      UX          UY          UZ          USUM  
    2234   117.86     0.25188E-03  333.14      353.37    
    2235   116.28     0.92492E-04  322.18      342.52    
    2236   114.45    -0.87925E-04  311.18      331.55    
    2237   112.37    -0.28276E-03  300.15      320.49    
    2238   110.05    -0.48632E-03  289.11      309.34    
    2239   107.49    -0.69224E-03  278.06      298.11    
    2240   104.68    -0.89222E-03  267.03      286.82    
    2241   101.64    -0.10767E-02  256.02      275.46    
    2242   98.365    -0.12332E-02  245.05      264.05    
    2243   94.862    -0.13446E-02  234.13      252.62    
    2244   91.135    -0.13832E-02  223.27      241.16    
    2245   87.191    -0.13040E-02  212.50      229.69    
    2246   83.036    -0.10535E-02  201.81      218.23    
    2247   78.680    -0.58244E-03  191.23      206.79    
    2248   74.130     0.11777E-03  180.78      195.39    
    2249   69.395     0.91652E-03  170.47      184.05    
    2250   64.485     0.15731E-02  160.31      172.79    
    2251   59.410     0.19623E-02  150.32      161.64    
    2252   54.184     0.21623E-02  140.53      150.61    
    2253   48.819     0.22011E-02  130.95      139.75    
    2254   43.333     0.20971E-02  121.59      129.08    

 MAXIMUM ABSOLUTE VALUES
 NODE       2228        2210        2136        2136
 VALUE    122.13     0.38744E-02  601.34      601.34    

