

  *****  INDEX OF DATA SETS ON RESULTS FILE  *****

   SET   TIME/FREQ    LOAD STEP   SUBSTEP  CUMULATIVE
     1 0.20023             1         1         2                  
     2 0.40098             1         2         4                  
     3 0.60225             1         3         6                  
     4 0.80403             1         4         8                  
     5  1.0000             1         5        10                  
     6  1.2001             2         1        12                  
     7  1.4008             2         2        14                  
     8  1.6020             2         3        16                  
     9  1.8037             2         4        18                  
    10  2.0000             2         5        20                  
    11  2.1999             3         1        22                  
    12  2.4006             3         2        24                  
    13  2.6018             3         3        26                  
    14  2.8033             3         4        28                  
    15  3.0000             3         5        30                  
    16  3.0998             4         1        32                  
    17  3.1980             4         2        34                  
    18  3.2941             4         3        36                  
    19  3.3821             4         4        38                  
    20  3.4580             4         5        40                  
    21  3.5214             4         6        42                  
    22  3.5768             4         7        44                  
    23  3.6269             4         8        46                  
    24  3.6706             4         9        48                  
    25  3.7102             4        10        50                  
    26  3.7476             4        11        52                  
    27  3.7828             4        12        54                  
    28  3.8153             4        13        56                  
    29  3.8464             4        14        58                  
    30  3.8749             4        15        60                  
    31  3.9020             4        16        62                  
    32  3.9280             4        17        64                  
    33  3.9531             4        18        66                  
    34  3.9774             4        19        69                  
    35  4.0000             4        20        72                  
    36  4.0966             5         1        77                  
    37  4.1878             5         2        81                  
    38  4.2675             5         3        84                  
    39  4.3368             5         4        87                  
    40  4.4037             5         5        90                  
    41  4.4693             5         6        93                  
    42  4.5315             5         7        96                  
    43  4.5895             5         8        99                  
    44  4.6439             5         9       102                  
    45  4.6948             5        10       105                  
    46  4.7426             5        11       108                  
    47  4.7876             5        12       111                  
    48  4.8282             5        13       117                  
    49  4.8471             5        14       124                  
    50  4.8738             5        15       131                  
    51  4.8966             5        16       136                  
    52  4.9201             5        17       139                  
    53  4.9406             5        18       145                  
    54  4.9615             5        19       148                  
    55  4.9832             5        20       151                  
    56  5.0000             5        21       153                  
    57  5.1038             6         1       158                  
    58  5.2227             6         2       162                  
    59  5.3441             6         3       165                  
    60  5.4661             6         4       168                  
    61  5.5879             6         5       172                  
    62  5.7098             6         6       176                  
    63  5.8316             6         7       180                  
    64  5.9535             6         8       184                  
    65  5.9995             6         9       187                  
    66  6.0000             6        10       191                  
    67  6.0941             7         1       195                  
    68  6.1882             7         2       199                  
    69  6.2821             7         3       204                  
    70  6.3760             7         4       209                  
    71  6.4697             7         5       214                  
    72  6.5630             7         6       220                  
    73  6.6560             7         7       227                  
    74  6.7490             7         8       233                  
    75  6.8419             7         9       238                  
    76  6.9346             7        10       242                  
    77  6.9964             7        11       245                  
    78  6.9997             7        12       248                  
    79  7.0000             7        13       250                  
    80  7.0941             8         1       253                  
    81  7.1874             8         2       257                  
    82  7.2807             8         3       260                  
    83  7.3728             8         4       264                  
    84  7.4645             8         5       267                  
    85  7.5551             8         6       270                  
    86  7.6445             8         7       274                  
    87  7.7334             8         8       277                  
    88  7.8205             8         9       281                  
    89  7.9068             8        10       284                  
    90  7.9909             8        11       287                  
    91  7.9991             8        12       289                  
    92  7.9996             8        13       291                  
    93  8.0000             8        14       293                  
    94  8.0905             9         1       297                  
    95  8.1797             9         2       300                  
    96  8.2670             9         3       303                  
    97  8.3530             9         4       306                  
    98  8.4420             9         5       308                  
    99  8.5214             9         6       311                  
   100  8.6038             9         7       314                  
   101  8.6855             9         8       317                  
   102  8.7712             9         9       319                  
   103  8.8463             9        10       322                  
   104  8.9304             9        11       324                  
   105  8.9844             9        12       327                  
   106  8.9979             9        13       329                  
   107  8.9985             9        14       332                  
   108  8.9999             9        15       334                  
   109  9.0000             9        16       336                  
   110  9.0000             9        17       338                  
   111  9.0867            10         1       341                  
   112  9.1774            10         2       343                  
   113  9.2618            10         3       345                  
   114  9.3369            10         4       349                  
   115  9.4192            10         5       352                  
   116  9.5062            10         6       354                  
   117  9.5768            10         7       358                  
   118  9.6552            10         8       361                  
   119  9.7388            10         9       363                  
   120  9.8141            10        10       365                  
   121  9.8872            10        11       367                  
   122  9.9586            10        12       369                  
   123  9.9783            10        13       373                  
   124  9.9969            10        14       375                  
   125  9.9966            10        15       378                  
   126  9.9966            10        16       388                  
   127  9.9966            10        17       396                  
   128  9.9966            10        18       406                  
   129  9.9966            10        19       412                  
   130  9.9966            10        20       414                  
   131  9.9966            10        21       416                  
   132  9.9966            10        22       418                  
   133  9.9967            10        23       420                  
   134  9.9967            10        24       422                  
   135  9.9969            10        25       424                  
   136  9.9971            10        26       426                  
   137  9.9977            10        27       428                  
   138  9.9989            10        28       430                  
   139  9.9998            10        29       432                  
   140  9.9999            10        30       434                  
   141  10.000            10        31       436                  
   142  10.079            11         1       439                  
   143  10.162            11         2       441                  
   144  10.236            11         3       443                  
   145  10.307            11         4       445                  
   146  10.376            11         5       447                  
   147  10.442            11         6       449                  
   148  10.507            11         7       451                  
   149  10.569            11         8       453                  
   150  10.629            11         9       455                  
   151  10.686            11        10       457                  
   152  10.737            11        11       459                  
   153  10.784            11        12       461                  
   154  10.826            11        13       463                  
   155  10.863            11        14       465                  
   156  10.868            11        15       470                  
   157  10.893            11        16       475                  
   158  10.915            11        17       479                  
   159  10.929            11        18       484                  
   160  10.940            11        19       489                  
   161  10.947            11        20       494                  
   162  10.950            11        21       500                  
   163  10.951            11        22       506                  
   164  10.950            11        23       513                  
   165  10.947            11        24       519                  
   166  10.944            11        25       523                  
   167  10.937            11        26       527                  
   168  10.925            11        27       532                  
   169  10.912            11        28       536                  
   170  10.894            11        29       541                  
   171  10.875            11        30       546                  
   172  10.853            11        31       550                  
   173  10.829            11        32       554                  
   174  10.802            11        33       558                  
   175  10.773            11        34       562                  
   176  10.743            11        35       566                  
   177  10.711            11        36       571                  
   178  10.676            11        37       575                  
   179  10.640            11        38       579                  
   180  10.603            11        39       584                  
   181  10.589            11        40       588                  
   182  10.567            11        41       593                  
   183  10.531            11        42       598                  
   184  10.489            11        43       603                  
   185  10.445            11        44       608                  
   186  10.400            11        45       613                  
   187  10.354            11        46       618                  
   188  10.306            11        47       623                  
   189  10.257            11        48       628                  
   190  10.206            11        49       633                  
   191  10.154            11        50       638                  
   192  10.100            11        51       643                  
   193  10.045            11        52       648                  
   194  9.9873            11        53       652                  
   195  9.9292            11        54       656                  
   196  9.8694            11        55       660                  
   197  9.8079            11        56       664                  
   198  9.7447            11        57       668                  
   199  9.6795            11        58       672                  
   200  9.6140            11        59       677                  
   201  9.5425            11        60       681                  
   202  9.4709            11        61       685                  
   203  9.3983            11        62       690                  
   204  9.3209            11        63       695                  
   205  9.2376            11        64       699                  
   206  9.1562            11        65       704                  
   207  9.0678            11        66       709                  
   208  8.9749            11        67       714                  
   209  8.8785            11        68       723                  
   210  8.7749            11        69       736                  
   211  8.6949            11        70       750                  
   212  8.6840            11        71       772                  

