
 PRINT U    NODAL SOLUTION PER NODE
 
  ***** POST1 NODAL DEGREE OF FREEDOM LISTING *****                            
 
  LOAD STEP=     1  SUBSTEP=     1                                             
   TIME=    1.0000      LOAD CASE=   0                                         
 
  THE FOLLOWING DEGREE OF FREEDOM RESULTS ARE IN THE GLOBAL COORDINATE SYSTEM  
 
    NODE      UX          UY          UZ          USUM  
       1   0.0000      0.0000      0.0000      0.0000    
       2   0.0000      0.0000      0.0000      0.0000    
       3   0.0000      0.0000      0.0000      0.0000    
       4   0.0000      0.0000      0.0000      0.0000    
       5   0.0000      0.0000      0.0000      0.0000    
       6   0.0000      0.0000      0.0000      0.0000    
       7   0.0000      0.0000      0.0000      0.0000    
       8   0.0000      0.0000      0.0000      0.0000    
       9   0.0000      0.0000      0.0000      0.0000    
      10   0.0000      0.0000      0.0000      0.0000    
      11   0.0000      0.0000      0.0000      0.0000    
      12 -0.16521E-01 0.67538E-02  0.0000     0.17848E-01
      13 -0.11397E-02 0.15394E-02  0.0000     0.19154E-02
      14 -0.22116E-02 0.26475E-02  0.0000     0.34497E-02
      15 -0.34774E-02 0.35749E-02  0.0000     0.49872E-02
      16 -0.49406E-02 0.43807E-02  0.0000     0.66030E-02
      17 -0.66178E-02 0.50819E-02  0.0000     0.83439E-02
      18 -0.90984E-02 0.55407E-02  0.0000     0.10653E-01
      19 -0.10837E-01 0.57877E-02  0.0000     0.12285E-01
      20 -0.12476E-01 0.60361E-02  0.0000     0.13859E-01
      21 -0.14046E-01 0.63677E-02  0.0000     0.15422E-01
      22 -0.12172E-01-0.47746E-02  0.0000     0.13075E-01
      23 -0.15336E-01 0.47595E-02  0.0000     0.16057E-01
      24 -0.14463E-01 0.33682E-02  0.0000     0.14850E-01
      25 -0.13745E-01 0.21564E-02  0.0000     0.13914E-01
      26 -0.13157E-01 0.11008E-02  0.0000     0.13203E-01
      27 -0.12710E-01 0.15137E-03  0.0000     0.12710E-01
      28 -0.12408E-01-0.74949E-03  0.0000     0.12431E-01
      29 -0.12240E-01-0.16600E-02  0.0000     0.12352E-01
      30 -0.12175E-01-0.26270E-02  0.0000     0.12455E-01
      31 -0.12168E-01-0.36736E-02  0.0000     0.12710E-01
      32 -0.11056E-01-0.47784E-02  0.0000     0.12044E-01
      33 -0.98855E-02-0.47719E-02  0.0000     0.10977E-01
      34 -0.86348E-02-0.47097E-02  0.0000     0.98357E-02
      35 -0.73221E-02-0.45482E-02  0.0000     0.86197E-02
      36 -0.59844E-02-0.42579E-02  0.0000     0.73446E-02
      37 -0.46625E-02-0.38208E-02  0.0000     0.60280E-02
 
  ***** POST1 NODAL DEGREE OF FREEDOM LISTING *****                            
 
  LOAD STEP=     1  SUBSTEP=     1                                             
   TIME=    1.0000      LOAD CASE=   0                                         
 
  THE FOLLOWING DEGREE OF FREEDOM RESULTS ARE IN THE GLOBAL COORDINATE SYSTEM  
 
    NODE      UX          UY          UZ          USUM  
      38 -0.33978E-02-0.32237E-02  0.0000     0.46837E-02
      39 -0.22086E-02-0.24539E-02  0.0000     0.33015E-02
      40 -0.11476E-02-0.14623E-02  0.0000     0.18588E-02
      41 -0.83994E-03-0.74391E-03  0.0000     0.11220E-02
      42 -0.19906E-02-0.15356E-02  0.0000     0.25141E-02
      43 -0.32104E-02-0.21781E-02  0.0000     0.38795E-02
      44 -0.45211E-02-0.26878E-02  0.0000     0.52597E-02
      45 -0.58836E-02-0.30748E-02  0.0000     0.66386E-02
      46 -0.72599E-02-0.33503E-02  0.0000     0.79957E-02
      47 -0.86058E-02-0.35282E-02  0.0000     0.93009E-02
      48 -0.98816E-02-0.36261E-02  0.0000     0.10526E-01
      49 -0.11064E-01-0.36653E-02  0.0000     0.11655E-01
      50 -0.77393E-03-0.48986E-03  0.0000     0.91594E-03
      51 -0.18360E-02-0.97367E-03  0.0000     0.20782E-02
      52 -0.30760E-02-0.14423E-02  0.0000     0.33973E-02
      53 -0.44114E-02-0.18359E-02  0.0000     0.47782E-02
      54 -0.58079E-02-0.21466E-02  0.0000     0.61919E-02
      55 -0.72191E-02-0.23744E-02  0.0000     0.75995E-02
      56 -0.85991E-02-0.25248E-02  0.0000     0.89620E-02
      57 -0.99045E-02-0.26059E-02  0.0000     0.10242E-01
      58 -0.11103E-01-0.26307E-02  0.0000     0.11410E-01
      59 -0.75808E-03-0.30644E-03  0.0000     0.81767E-03
      60 -0.17766E-02-0.61458E-03  0.0000     0.18799E-02
      61 -0.29950E-02-0.91119E-03  0.0000     0.31306E-02
      62 -0.43465E-02-0.11787E-02  0.0000     0.45035E-02
      63 -0.57717E-02-0.13954E-02  0.0000     0.59380E-02
      64 -0.72201E-02-0.15538E-02  0.0000     0.73854E-02
      65 -0.86400E-02-0.16525E-02  0.0000     0.87967E-02
      66 -0.99823E-02-0.16945E-02  0.0000     0.10125E-01
      67 -0.11200E-01-0.16892E-02  0.0000     0.11326E-01
      68 -0.75203E-03-0.16322E-03  0.0000     0.76954E-03
      69 -0.17521E-02-0.32769E-03  0.0000     0.17825E-02
      70 -0.29625E-02-0.48870E-03  0.0000     0.30025E-02
      71 -0.43262E-02-0.63323E-03  0.0000     0.43723E-02
      72 -0.57830E-02-0.74909E-03  0.0000     0.58313E-02
      73 -0.72735E-02-0.82669E-03  0.0000     0.73204E-02
      74 -0.87409E-02-0.86203E-03  0.0000     0.87833E-02
 
  ***** POST1 NODAL DEGREE OF FREEDOM LISTING *****                            
 
  LOAD STEP=     1  SUBSTEP=     1                                             
   TIME=    1.0000      LOAD CASE=   0                                         
 
  THE FOLLOWING DEGREE OF FREEDOM RESULTS ARE IN THE GLOBAL COORDINATE SYSTEM  
 
    NODE      UX          UY          UZ          USUM  
      75 -0.10128E-01-0.85554E-03  0.0000     0.10164E-01
      76 -0.11376E-01-0.81317E-03  0.0000     0.11405E-01
      77 -0.74411E-03-0.29642E-04  0.0000     0.74470E-03
      78 -0.17408E-02-0.64657E-04  0.0000     0.17420E-02
      79 -0.29590E-02-0.99277E-04  0.0000     0.29607E-02
      80 -0.43467E-02-0.12638E-03  0.0000     0.43485E-02
      81 -0.58427E-02-0.13851E-03  0.0000     0.58443E-02
      82 -0.73839E-02-0.12919E-03  0.0000     0.73850E-02
      83 -0.89074E-02-0.94981E-04  0.0000     0.89079E-02
      84 -0.10351E-01-0.35314E-04  0.0000     0.10351E-01
      85 -0.11646E-01 0.48128E-04  0.0000     0.11646E-01
      86 -0.73180E-03 0.11223E-03  0.0000     0.74035E-03
      87 -0.17364E-02 0.21466E-03  0.0000     0.17497E-02
      88 -0.29778E-02 0.31321E-03  0.0000     0.29942E-02
      89 -0.44030E-02 0.40819E-03  0.0000     0.44219E-02
      90 -0.59507E-02 0.50477E-03  0.0000     0.59721E-02
      91 -0.75531E-02 0.60616E-03  0.0000     0.75774E-02
      92 -0.91426E-02 0.71459E-03  0.0000     0.91704E-02
      93 -0.10654E-01 0.83049E-03  0.0000     0.10686E-01
      94 -0.12019E-01 0.95632E-03  0.0000     0.12057E-01
      95 -0.72145E-03 0.27989E-03  0.0000     0.77384E-03
      96 -0.17466E-02 0.55211E-03  0.0000     0.18318E-02
      97 -0.30218E-02 0.80626E-03  0.0000     0.31275E-02
      98 -0.44943E-02 0.10397E-02  0.0000     0.46130E-02
      99 -0.61063E-02 0.12503E-02  0.0000     0.62330E-02
     100 -0.77849E-02 0.14513E-02  0.0000     0.79190E-02
     101 -0.94481E-02 0.16398E-02  0.0000     0.95894E-02
     102 -0.11036E-01 0.18109E-02  0.0000     0.11183E-01
     103 -0.12492E-01 0.19761E-02  0.0000     0.12647E-01
     104 -0.73016E-03 0.50172E-03  0.0000     0.88593E-03
     105 -0.17999E-02 0.99418E-03  0.0000     0.20562E-02
     106 -0.31066E-02 0.14644E-02  0.0000     0.34344E-02
     107 -0.46129E-02 0.18461E-02  0.0000     0.49686E-02
     108 -0.63068E-02 0.21749E-02  0.0000     0.66713E-02
     109 -0.80889E-02 0.24797E-02  0.0000     0.84605E-02
     110 -0.98318E-02 0.27619E-02  0.0000     0.10212E-01
     111 -0.11479E-01 0.29848E-02  0.0000     0.11861E-01
 
  ***** POST1 NODAL DEGREE OF FREEDOM LISTING *****                            
 
  LOAD STEP=     1  SUBSTEP=     1                                             
   TIME=    1.0000      LOAD CASE=   0                                         
 
  THE FOLLOWING DEGREE OF FREEDOM RESULTS ARE IN THE GLOBAL COORDINATE SYSTEM  
 
    NODE      UX          UY          UZ          USUM  
     112 -0.13047E-01 0.31602E-02  0.0000     0.13425E-01
     113 -0.80565E-03 0.79950E-03  0.0000     0.11350E-02
     114 -0.19632E-02 0.16565E-02  0.0000     0.25687E-02
     115 -0.32558E-02 0.23705E-02  0.0000     0.40274E-02
     116 -0.47387E-02 0.29522E-02  0.0000     0.55831E-02
     117 -0.65194E-02 0.33632E-02  0.0000     0.73357E-02
     118 -0.84938E-02 0.37633E-02  0.0000     0.92902E-02
     119 -0.10329E-01 0.41661E-02  0.0000     0.11138E-01
     120 -0.11937E-01 0.44369E-02  0.0000     0.12735E-01
     121 -0.13614E-01 0.45778E-02  0.0000     0.14363E-01

 MAXIMUM ABSOLUTE VALUES
 NODE         12          12           0          12
 VALUE  -0.16521E-01 0.67538E-02  0.0000     0.17848E-01

